C:\SW-DEVIL\GIGE\GIGE\RELEASE\GIGE.PCH
C:\USERS\FRANK\DOCUMENTS\RESTRICTOR\FRANK-NB.LOG
C:\SW-DEVIL\GIGE\GIGE\RELEASE\STDAFX.OBJ
C:\SW-DEVIL\GIGE\GIGE\RELEASE\VC110.PDB
C:\SW-DEVIL\GIGE\GIGE\RELEASE\GIGE.OBJ
C:\SW-DEVIL\GIGE\GIGE\RELEASE\AS_LIB.OBJ
C:\SW-DEVIL\GIGE\GIGE\RELEASE\DLLMAIN.OBJ
C:\sw-devil\GigE\Release\GigE.lib
C:\sw-devil\GigE\Release\GigE.exp
C:\SW-DEVIL\GIGE\RELEASE\GIGE.DLL
C:\SW-DEVIL\GIGE\RELEASE\GIGE.PDB
C:\SW-DEVIL\GIGE\GIGE\RELEASE\GIGE.RES
C:\sw-devil\GigE\GigE\Release\aS_lib.obj
C:\sw-devil\GigE\GigE\Release\dllmain.obj
C:\sw-devil\GigE\GigE\Release\GigE.obj
C:\sw-devil\GigE\GigE\Release\stdafx.obj
C:\sw-devil\GigE\GigE\Release\cl.command.1.tlog
C:\sw-devil\GigE\GigE\Release\CL.read.1.tlog
C:\sw-devil\GigE\GigE\Release\CL.write.1.tlog
C:\sw-devil\GigE\GigE\Release\GigE.write.1.tlog
C:\sw-devil\GigE\GigE\Release\link-cvtres.read.1.tlog
C:\sw-devil\GigE\GigE\Release\link-cvtres.write.1.tlog
C:\sw-devil\GigE\GigE\Release\link-rc.read.1.tlog
C:\sw-devil\GigE\GigE\Release\link-rc.write.1.tlog
C:\sw-devil\GigE\GigE\Release\link.command.1.tlog
C:\sw-devil\GigE\GigE\Release\link.read.1.tlog
C:\sw-devil\GigE\GigE\Release\link.write.1.tlog
C:\sw-devil\GigE\GigE\Release\rc.command.1.tlog
C:\sw-devil\GigE\GigE\Release\rc.read.1.tlog
C:\sw-devil\GigE\GigE\Release\rc.write.1.tlog
C:\sw-devil\GigE\GigE\Release\GigE.res
C:\sw-devil\GigE\GigE\Release\GigE.pch
C:\sw-devil\GigE\GigE\Release\vc110.pdb
C:\sw-devil\GigE\Release\GigE.pdb
C:\sw-devil\GigE\Release\GigE.dll
